Determining if the pthread_create exist failed with the following output:
Change Dir: /home/nauber/CarND-Capstone/ros/build/CMakeFiles/CMakeTmp

Run Build Command:"/usr/bin/make" "cmTC_7b6ed/fast"
/usr/bin/make -f CMakeFiles/cmTC_7b6ed.dir/build.make CMakeFiles/cmTC_7b6ed.dir/build
make[1]: Entering directory '/home/nauber/CarND-Capstone/ros/build/CMakeFiles/CMakeTmp'
Building C object CMakeFiles/cmTC_7b6ed.dir/CheckSymbolExists.c.o
/usr/bin/cc     -o CMakeFiles/cmTC_7b6ed.dir/CheckSymbolExists.c.o   -c /home/nauber/CarND-Capstone/ros/build/CMakeFiles/CMakeTmp/CheckSymbolExists.c
Linking C executable cmTC_7b6ed
/usr/bin/cmake -E cmake_link_script CMakeFiles/cmTC_7b6ed.dir/link.txt --verbose=1
/usr/bin/cc       CMakeFiles/cmTC_7b6ed.dir/CheckSymbolExists.c.o  -o cmTC_7b6ed -rdynamic 
CMakeFiles/cmTC_7b6ed.dir/CheckSymbolExists.c.o: In function `main':
CheckSymbolExists.c:(.text+0x16): undefined reference to `pthread_create'
collect2: error: ld returned 1 exit status
CMakeFiles/cmTC_7b6ed.dir/build.make:97: recipe for target 'cmTC_7b6ed' failed
make[1]: *** [cmTC_7b6ed] Error 1
make[1]: Leaving directory '/home/nauber/CarND-Capstone/ros/build/CMakeFiles/CMakeTmp'
Makefile:126: recipe for target 'cmTC_7b6ed/fast' failed
make: *** [cmTC_7b6ed/fast] Error 2

File /home/nauber/CarND-Capstone/ros/build/CMakeFiles/CMakeTmp/CheckSymbolExists.c:
/* */
#include <pthread.h>

int main(int argc, char** argv)
{
  (void)argv;
#ifndef pthread_create
  return ((int*)(&pthread_create))[argc];
#else
  (void)argc;
  return 0;
#endif
}

Determining if the function pthread_create exists in the pthreads failed with the following output:
Change Dir: /home/nauber/CarND-Capstone/ros/build/CMakeFiles/CMakeTmp

Run Build Command:"/usr/bin/make" "cmTC_47396/fast"
/usr/bin/make -f CMakeFiles/cmTC_47396.dir/build.make CMakeFiles/cmTC_47396.dir/build
make[1]: Entering directory '/home/nauber/CarND-Capstone/ros/build/CMakeFiles/CMakeTmp'
Building C object CMakeFiles/cmTC_47396.dir/CheckFunctionExists.c.o
/usr/bin/cc    -DCHECK_FUNCTION_EXISTS=pthread_create   -o CMakeFiles/cmTC_47396.dir/CheckFunctionExists.c.o   -c /usr/share/cmake-3.5/Modules/CheckFunctionExists.c
Linking C executable cmTC_47396
/usr/bin/cmake -E cmake_link_script CMakeFiles/cmTC_47396.dir/link.txt --verbose=1
/usr/bin/cc   -DCHECK_FUNCTION_EXISTS=pthread_create    CMakeFiles/cmTC_47396.dir/CheckFunctionExists.c.o  -o cmTC_47396 -rdynamic -lpthreads 
/usr/bin/ld: cannot find -lpthreads
collect2: error: ld returned 1 exit status
CMakeFiles/cmTC_47396.dir/build.make:97: recipe for target 'cmTC_47396' failed
make[1]: *** [cmTC_47396] Error 1
make[1]: Leaving directory '/home/nauber/CarND-Capstone/ros/build/CMakeFiles/CMakeTmp'
Makefile:126: recipe for target 'cmTC_47396/fast' failed
make: *** [cmTC_47396/fast] Error 2


